c:\users\lenovo\source\repos\amaamoun99\guide-me\x64\debug\vc143.pdb
c:\users\lenovo\source\repos\amaamoun99\guide-me\x64\debug\vc143.idb
c:\users\lenovo\source\repos\amaamoun99\guide-me\x64\debug\user.obj
c:\users\lenovo\source\repos\amaamoun99\guide-me\x64\debug\guide me.obj
c:\users\lenovo\source\repos\amaamoun99\guide-me\x64\debug\graph.obj
c:\users\lenovo\source\repos\amaamoun99\guide-me\x64\debug\files.obj
c:\users\lenovo\source\repos\amaamoun99\guide-me\x64\debug\transporatations.obj
c:\users\lenovo\source\repos\amaamoun99\guide-me\x64\debug\guide me.exe
c:\users\lenovo\source\repos\amaamoun99\guide-me\x64\debug\guide me.ilk
c:\users\lenovo\source\repos\amaamoun99\guide-me\x64\debug\guide me.pdb
c:\users\dell\source\repos\guide-me\x64\debug\edge.obj
c:\users\dell\source\repos\guide-me\x64\debug\files.obj
c:\users\dell\source\repos\guide-me\x64\debug\graph.obj
c:\users\dell\source\repos\guide-me\x64\debug\guide me.obj
c:\users\dell\source\repos\guide-me\x64\debug\transporatations.obj
c:\users\dell\source\repos\guide-me\x64\debug\user.obj
c:\users\dell\source\repos\guide-me\x64\debug\guide me.ilk
c:\users\dell\source\repos\guide-me\x64\debug\vc143.idb
c:\users\dell\source\repos\guide-me\x64\debug\guide me.pdb
c:\users\dell\source\repos\guide-me\x64\debug\vc143.pdb
c:\users\dell\source\repos\guide-me\x64\debug\guide me.exe
c:\users\dell\source\repos\guide-me\x64\debug\guide me.tlog\cl.command.1.tlog
c:\users\dell\source\repos\guide-me\x64\debug\guide me.tlog\cl.items.tlog
c:\users\dell\source\repos\guide-me\x64\debug\guide me.tlog\cl.read.1.tlog
c:\users\dell\source\repos\guide-me\x64\debug\guide me.tlog\cl.write.1.tlog
c:\users\dell\source\repos\guide-me\x64\debug\guide me.tlog\link.command.1.tlog
c:\users\dell\source\repos\guide-me\x64\debug\guide me.tlog\link.read.1.tlog
c:\users\dell\source\repos\guide-me\x64\debug\guide me.tlog\link.write.1.tlog
